#
# There is insufficient memory for the Java Runtime Environment to continue.
# Native memory allocation (malloc) failed to allocate 359296 bytes for Chunk::new
# Possible reasons:
#   The system is out of physical RAM or swap space
#   The process is running with CompressedOops enabled, and the Java Heap may be blocking the growth of the native heap
# Possible solutions:
#   Reduce memory load on the system
#   Increase physical memory or swap space
#   Check if swap backing store is full
#   Decrease Java heap size (-Xmx/-Xms)
#   Decrease number of Java threads
#   Decrease Java thread stack sizes (-Xss)
#   Set larger code cache with -XX:ReservedCodeCacheSize=
#   JVM is running with Unscaled Compressed Oops mode in which the Java heap is
#     placed in the first 4GB address space. The Java Heap base address is the
#     maximum limit for the native heap growth. Please use -XX:HeapBaseMinAddress
#     to set the Java Heap base and to place the Java Heap above 4GB virtual address.
# This output file may be truncated or incomplete.
#
#  Out of Memory Error (allocation.cpp:389), pid=7284, tid=0x0000000000000610
#
# JRE version: OpenJDK Runtime Environment (8.0_242-b01) (build 1.8.0_242-release-1644-b01)
# Java VM: OpenJDK 64-Bit Server VM (25.242-b01 mixed mode windows-amd64 compressed oops)
# Failed to write core dump. Minidumps are not enabled by default on client versions of Windows
#

---------------  T H R E A D  ---------------

Current thread (0x00000000152a7000):  JavaThread "C2 CompilerThread0" daemon [_thread_in_native, id=1552, stack(0x00000000168f0000,0x00000000169f0000)]

Stack: [0x00000000168f0000,0x00000000169f0000]
[error occurred during error reporting (printing stack bounds), id 0xc0000005]

Native frames: (J=compiled Java code, j=interpreted, Vv=VM code, C=native code)


Current CompileTask:
C2:   9114 1214       4       com.android.dx.ssa.SCCP::simulateBranch (666 bytes)


---------------  P R O C E S S  ---------------

Java Threads: ( => current thread )
  0x0000000016e8f000 JavaThread "pool-1-thread-2" [_thread_in_Java, id=8444, stack(0x00000000173f0000,0x00000000174f0000)]
  0x0000000016d5b800 JavaThread "pool-2-thread-1" [_thread_blocked, id=7404, stack(0x00000000172f0000,0x00000000173f0000)]
  0x0000000016bf6800 JavaThread "Service Thread" daemon [_thread_blocked, id=11056, stack(0x0000000016ff0000,0x00000000170f0000)]
  0x00000000152fc000 JavaThread "C1 CompilerThread2" daemon [_thread_in_native, id=3672, stack(0x0000000016af0000,0x0000000016bf0000)]
  0x00000000152aa000 JavaThread "C2 CompilerThread1" daemon [_thread_blocked, id=10696, stack(0x00000000169f0000,0x0000000016af0000)]
=>0x00000000152a7000 JavaThread "C2 CompilerThread0" daemon [_thread_in_native, id=1552, stack(0x00000000168f0000,0x00000000169f0000)]
  0x00000000152a5800 JavaThread "Attach Listener" daemon [_thread_blocked, id=3384, stack(0x00000000167f0000,0x00000000168f0000)]
  0x00000000152a4000 JavaThread "Signal Dispatcher" daemon [_thread_blocked, id=2424, stack(0x00000000166f0000,0x00000000167f0000)]
  0x0000000002bc4800 JavaThread "Finalizer" daemon [_thread_blocked, id=6788, stack(0x00000000164f0000,0x00000000165f0000)]
  0x0000000002bc1000 JavaThread "Reference Handler" daemon [_thread_blocked, id=5696, stack(0x00000000163f0000,0x00000000164f0000)]
  0x0000000002a8e000 JavaThread "main" [_thread_blocked, id=9696, stack(0x00000000028d0000,0x00000000029d0000)]

Other Threads:
  0x0000000015267000 VMThread [stack: 0x00000000162f0000,0x00000000163f0000] [id=9308]
  0x0000000016bf7800 WatcherThread [stack: 0x00000000170f0000,0x00000000171f0000] [id=10428]

VM state:not at safepoint (normal execution)

VM Mutex/Monitor currently owned by a thread: None

heap address: 0x00000000c0000000, size: 1024 MB, Compressed Oops mode: 32-bit
Narrow klass base: 0x0000000000000000, Narrow klass shift: 3
Compressed class space size: 1073741824 Address: 0x0000000100000000

Heap:
 PSYoungGen      total 33280K, used 5282K [0x00000000eab00000, 0x00000000ed000000, 0x0000000100000000)
  eden space 28672K, 2% used [0x00000000eab00000,0x00000000eabaaa08,0x00000000ec700000)
  from space 4608K, 99% used [0x00000000ec700000,0x00000000ecb7e190,0x00000000ecb80000)
  to   space 4608K, 0% used [0x00000000ecb80000,0x00000000ecb80000,0x00000000ed000000)
 ParOldGen       total 76800K, used 866K [0x00000000c0000000, 0x00000000c4b00000, 0x00000000eab00000)
  object space 76800K, 1% used [0x00000000c0000000,0x00000000c00d8bf0,0x00000000c4b00000)
 Metaspace       used 6152K, capacity 6964K, committed 7040K, reserved 1056768K
  class space    used 599K, capacity 620K, committed 640K, reserved 1048576K

Card table byte_map: [0x0000000011f90000,0x00000000121a0000] byte_map_base: 0x0000000011990000

Marking Bits: (ParMarkBitMap*) 0x00000000677ff030
 Begin Bits: [0x0000000012700000, 0x0000000013700000)
 End Bits:   [0x0000000013700000, 0x0000000014700000)

Polling page: 0x0000000000d20000

CodeCache: size=245760Kb used=5187Kb max_used=5194Kb free=240572Kb
 bounds [0x0000000002bd0000, 0x00000000030f0000, 0x0000000011bd0000]
 total_blobs=1490 nmethods=1215 adapters=189
 compilation: enabled

Compilation events (10 events):
Event: 9.101 Thread 0x00000000152fc000 nmethod 1254 0x00000000030df490 code [0x00000000030df5e0, 0x00000000030df750]
Event: 9.101 Thread 0x00000000152fc000 1250       3       java.lang.ref.Finalizer::hasBeenFinalized (14 bytes)
Event: 9.101 Thread 0x00000000152fc000 nmethod 1250 0x00000000030e1390 code [0x00000000030e14e0, 0x00000000030e1690]
Event: 9.101 Thread 0x00000000152fc000 1251   !   3       java.lang.ref.Finalizer::remove (94 bytes)
Event: 9.102 Thread 0x00000000152fc000 nmethod 1251 0x00000000030e0c10 code [0x00000000030e0d80, 0x00000000030e1250]
Event: 9.103 Thread 0x00000000152aa000 nmethod 1226 0x00000000030e66d0 code [0x00000000030e6820, 0x00000000030e69f8]
Event: 9.103 Thread 0x00000000152aa000 1217       4       com.android.dx.rop.type.Type::equals (31 bytes)
Event: 9.105 Thread 0x00000000152aa000 nmethod 1217 0x00000000030e6c10 code [0x00000000030e6d60, 0x00000000030e6ed8]
Event: 9.109 Thread 0x00000000152fc000 1255       3       com.android.dx.rop.code.LocalVariableInfo::addAssignment (43 bytes)
Event: 9.110 Thread 0x00000000152fc000 nmethod 1255 0x00000000030e5810 code [0x00000000030e5a00, 0x00000000030e62e8]

GC Heap History (2 events):
Event: 8.758 GC heap before
{Heap before GC invocations=1 (full 0):
 PSYoungGen      total 33280K, used 28672K [0x00000000eab00000, 0x00000000ed000000, 0x0000000100000000)
  eden space 28672K, 100% used [0x00000000eab00000,0x00000000ec700000,0x00000000ec700000)
  from space 4608K, 0% used [0x00000000ecb80000,0x00000000ecb80000,0x00000000ed000000)
  to   space 4608K, 0% used [0x00000000ec700000,0x00000000ec700000,0x00000000ecb80000)
 ParOldGen       total 76800K, used 0K [0x00000000c0000000, 0x00000000c4b00000, 0x00000000eab00000)
  object space 76800K, 0% used [0x00000000c0000000,0x00000000c0000000,0x00000000c4b00000)
 Metaspace       used 6141K, capacity 6964K, committed 7040K, reserved 1056768K
  class space    used 599K, capacity 620K, committed 640K, reserved 1048576K
Event: 9.088 GC heap after
Heap after GC invocations=1 (full 0):
 PSYoungGen      total 33280K, used 4600K [0x00000000eab00000, 0x00000000ed000000, 0x0000000100000000)
  eden space 28672K, 0% used [0x00000000eab00000,0x00000000eab00000,0x00000000ec700000)
  from space 4608K, 99% used [0x00000000ec700000,0x00000000ecb7e190,0x00000000ecb80000)
  to   space 4608K, 0% used [0x00000000ecb80000,0x00000000ecb80000,0x00000000ed000000)
 ParOldGen       total 76800K, used 866K [0x00000000c0000000, 0x00000000c4b00000, 0x00000000eab00000)
  object space 76800K, 1% used [0x00000000c0000000,0x00000000c00d8bf0,0x00000000c4b00000)
 Metaspace       used 6141K, capacity 6964K, committed 7040K, reserved 1056768K
  class space    used 599K, capacity 620K, committed 640K, reserved 1048576K
}

Deoptimization events (10 events):
Event: 7.135 Thread 0x0000000016e8f000 Uncommon trap: reason=unstable_if action=reinterpret pc=0x0000000003067bdc method=java.util.HashMap.putVal(ILjava/lang/Object;Ljava/lang/Object;ZZ)Ljava/lang/Object; @ 162
Event: 7.135 Thread 0x0000000016e8f000 Uncommon trap: reason=bimorphic action=maybe_recompile pc=0x0000000002e682c8 method=java.util.HashMap.getNode(ILjava/lang/Object;)Ljava/util/HashMap$Node; @ 126
Event: 7.135 Thread 0x0000000016e8f000 Uncommon trap: reason=class_check action=maybe_recompile pc=0x00000000030246a4 method=java.util.HashMap.putVal(ILjava/lang/Object;Ljava/lang/Object;ZZ)Ljava/lang/Object; @ 203
Event: 7.143 Thread 0x0000000016e8f000 Uncommon trap: reason=unstable_if action=reinterpret pc=0x000000000302423c method=java.util.HashMap.putVal(ILjava/lang/Object;Ljava/lang/Object;ZZ)Ljava/lang/Object; @ 162
Event: 7.394 Thread 0x0000000016e8f000 Uncommon trap: reason=unstable_if action=reinterpret pc=0x0000000002e682b0 method=java.util.HashMap.getNode(ILjava/lang/Object;)Ljava/util/HashMap$Node; @ 84
Event: 7.394 Thread 0x0000000016e8f000 Uncommon trap: reason=unstable_if action=reinterpret pc=0x0000000002e5614c method=java.util.HashMap.getNode(ILjava/lang/Object;)Ljava/util/HashMap$Node; @ 84
Event: 7.911 Thread 0x0000000016e8f000 Uncommon trap: reason=class_check action=maybe_recompile pc=0x00000000030ae2f0 method=com.android.dx.rop.cst.CstLiteral64.equals(Ljava/lang/Object;)Z @ 20
Event: 7.912 Thread 0x0000000016e8f000 Uncommon trap: reason=class_check action=maybe_recompile pc=0x00000000030ae2f0 method=com.android.dx.rop.cst.CstLiteral64.equals(Ljava/lang/Object;)Z @ 20
Event: 7.913 Thread 0x0000000016e8f000 Uncommon trap: reason=class_check action=maybe_recompile pc=0x00000000030ae2f0 method=com.android.dx.rop.cst.CstLiteral64.equals(Ljava/lang/Object;)Z @ 20
Event: 7.914 Thread 0x0000000016e8f000 Uncommon trap: reason=class_check action=maybe_recompile pc=0x00000000030ae2f0 method=com.android.dx.rop.cst.CstLiteral64.equals(Ljava/lang/Object;)Z @ 20

Classes redefined (0 events):
No events

Internal exceptions (3 events):
Event: 0.242 Thread 0x0000000002a8e000 Exception <a 'java/lang/NoSuchMethodError': Method sun.misc.Unsafe.defineClass(Ljava/lang/String;[BII)Ljava/lang/Class; name or signature does not match> (0x00000000eab07cc8) thrown at [C:\src\AOSP-openjdk-git\hotspot\src\share\vm\prims\jni.cpp, line 4013
Event: 0.242 Thread 0x0000000002a8e000 Exception <a 'java/lang/NoSuchMethodError': Method sun.misc.Unsafe.prefetchRead(Ljava/lang/Object;J)V name or signature does not match> (0x00000000eab07fb0) thrown at [C:\src\AOSP-openjdk-git\hotspot\src\share\vm\prims\jni.cpp, line 4013]
Event: 7.393 Thread 0x0000000016e8f000 Exception <a 'java/lang/ArrayIndexOutOfBoundsException': 18> (0x00000000ec3c8b48) thrown at [C:\src\AOSP-openjdk-git\hotspot\src\share\vm\interpreter\interpreterRuntime.cpp, line 368]

Events (10 events):
Event: 7.912 Thread 0x0000000016e8f000 DEOPT PACKING pc=0x00000000030ae2f0 sp=0x00000000174ee7b0
Event: 7.912 Thread 0x0000000016e8f000 DEOPT UNPACKING pc=0x0000000002c1557b sp=0x00000000174ee738 mode 2
Event: 7.913 Thread 0x0000000016e8f000 Uncommon trap: trap_request=0xffffffde fr.pc=0x00000000030ae2f0
Event: 7.913 Thread 0x0000000016e8f000 DEOPT PACKING pc=0x00000000030ae2f0 sp=0x00000000174eeac0
Event: 7.913 Thread 0x0000000016e8f000 DEOPT UNPACKING pc=0x0000000002c1557b sp=0x00000000174eea48 mode 2
Event: 7.913 Thread 0x0000000016e8f000 Uncommon trap: trap_request=0xffffffde fr.pc=0x00000000030ae2f0
Event: 7.914 Thread 0x0000000016e8f000 DEOPT PACKING pc=0x00000000030ae2f0 sp=0x00000000174eea40
Event: 7.914 Thread 0x0000000016e8f000 DEOPT UNPACKING pc=0x0000000002c1557b sp=0x00000000174ee9c8 mode 2
Event: 8.757 Executing VM operation: ParallelGCFailedAllocation
Event: 9.088 Executing VM operation: ParallelGCFailedAllocation done


Dynamic libraries:
0x00007ff6c9150000 - 0x00007ff6c9181000 	D:\programs\as\jre\bin\java.exe
0x00007ffcd6f20000 - 0x00007ffcd7110000 	C:\WINDOWS\SYSTEM32\ntdll.dll
0x00007ffcd6d00000 - 0x00007ffcd6db2000 	C:\WINDOWS\System32\KERNEL32.DLL
0x00007ffcd4b50000 - 0x00007ffcd4df3000 	C:\WINDOWS\System32\KERNELBASE.dll
0x00007ffcd6ba0000 - 0x00007ffcd6c43000 	C:\WINDOWS\System32\ADVAPI32.dll
0x00007ffcd6730000 - 0x00007ffcd67ce000 	C:\WINDOWS\System32\msvcrt.dll
0x00007ffcd6120000 - 0x00007ffcd61b7000 	C:\WINDOWS\System32\sechost.dll
0x00007ffcd6a80000 - 0x00007ffcd6ba0000 	C:\WINDOWS\System32\RPCRT4.dll
0x00007ffcd5100000 - 0x00007ffcd5294000 	C:\WINDOWS\System32\USER32.dll
0x00007ffcd3eb0000 - 0x00007ffcd3ed1000 	C:\WINDOWS\System32\win32u.dll
0x00007ffcd6e30000 - 0x00007ffcd6e56000 	C:\WINDOWS\System32\GDI32.dll
0x00007ffcd3ee0000 - 0x00007ffcd4074000 	C:\WINDOWS\System32\gdi32full.dll
0x00007ffcd4ab0000 - 0x00007ffcd4b4e000 	C:\WINDOWS\System32\msvcp_win.dll
0x00007ffcd4e30000 - 0x00007ffcd4f2a000 	C:\WINDOWS\System32\ucrtbase.dll
0x00007ffcc2ed0000 - 0x00007ffcc3155000 	C:\WINDOWS\WinSxS\amd64_microsoft.windows.common-controls_6595b64144ccf1df_6.0.18362.476_none_e6c4b11b130f2595\COMCTL32.dll
0x00007ffcd61c0000 - 0x00007ffcd64f6000 	C:\WINDOWS\System32\combase.dll
0x00007ffcd4f50000 - 0x00007ffcd4fd0000 	C:\WINDOWS\System32\bcryptPrimitives.dll
0x00007ffcd5770000 - 0x00007ffcd579e000 	C:\WINDOWS\System32\IMM32.DLL
0x0000000069390000 - 0x0000000069462000 	D:\programs\as\jre\jre\bin\msvcr100.dll
0x0000000067030000 - 0x000000006787b000 	D:\programs\as\jre\jre\bin\server\jvm.dll
0x00007ffcd6910000 - 0x00007ffcd6918000 	C:\WINDOWS\System32\PSAPI.DLL
0x00007ffcc5ca0000 - 0x00007ffcc5ca9000 	C:\WINDOWS\SYSTEM32\WSOCK32.dll
0x00007ffcd6dc0000 - 0x00007ffcd6e2f000 	C:\WINDOWS\System32\WS2_32.dll
0x00007ffcd12d0000 - 0x00007ffcd12f4000 	C:\WINDOWS\SYSTEM32\WINMM.dll
0x00007ffccd9e0000 - 0x00007ffccd9ea000 	C:\WINDOWS\SYSTEM32\VERSION.dll
0x00007ffcd12a0000 - 0x00007ffcd12cd000 	C:\WINDOWS\SYSTEM32\WINMMBASE.dll
0x00007ffcd4a60000 - 0x00007ffcd4aaa000 	C:\WINDOWS\System32\cfgmgr32.dll
0x00007ffcc5b00000 - 0x00007ffcc5b0f000 	D:\programs\as\jre\jre\bin\verify.dll
0x00007ffcbe710000 - 0x00007ffcbe739000 	D:\programs\as\jre\jre\bin\java.dll
0x00007ffcbe960000 - 0x00007ffcbe976000 	D:\programs\as\jre\jre\bin\zip.dll
0x00007ffcd5870000 - 0x00007ffcd5f55000 	C:\WINDOWS\System32\SHELL32.dll
0x00007ffcd6c50000 - 0x00007ffcd6cf9000 	C:\WINDOWS\System32\shcore.dll
0x00007ffcd42e0000 - 0x00007ffcd4a5e000 	C:\WINDOWS\System32\windows.storage.dll
0x00007ffcd3e20000 - 0x00007ffcd3e3f000 	C:\WINDOWS\System32\profapi.dll
0x00007ffcd3e40000 - 0x00007ffcd3e8a000 	C:\WINDOWS\System32\powrprof.dll
0x00007ffcd3df0000 - 0x00007ffcd3e00000 	C:\WINDOWS\System32\UMPDC.dll
0x00007ffcd5710000 - 0x00007ffcd5762000 	C:\WINDOWS\System32\shlwapi.dll
0x00007ffcd3e90000 - 0x00007ffcd3ea1000 	C:\WINDOWS\System32\kernel.appcore.dll
0x00007ffcd4f30000 - 0x00007ffcd4f47000 	C:\WINDOWS\System32\cryptsp.dll

VM Arguments:
jvm_args: -Djava.awt.headless=true -Xmx1024M -Dfile.encoding=windows-1251 -Duser.country=RU -Duser.language=ru -Duser.variant 
java_command: com.android.dx.command.Main --dex --num-threads=4 --output D:\bibliotek\AS\yamda-master\yamda-master\app\build\intermediates\pre-dexed\debug\com.github.orangegangsters-swipy-1.2.2_c8f8e8579fa7379c150072fbda46199f8ddaca4b.jar D:\bibliotek\AS\yamda-master\yamda-master\app\build\intermediates\exploded-aar\com.github.orangegangsters\swipy\1.2.2\jars\classes.jar
java_class_path (initial): D:\programs\AS2\build-tools\23.0.2\lib\dx.jar
Launcher Type: SUN_STANDARD

Environment Variables:
PATH=D:\rad c++\bin;C:\Users\Public\Documents\Embarcadero\Studio\19.0\Bpl;D:\rad c++\bin64;C:\Users\Public\Documents\Embarcadero\Studio\19.0\Bpl\Win64;C:\Program Files (x86)\Embarcadero\Studio\19.0\bin;C:\Program Files (x86)\Embarcadero\Studio\19.0\bin64;C:\ProgramData\Oracle\Java\javapath;C:\WINDOWS\system32;C:\WINDOWS;C:\WINDOWS\System32\Wbem;C:\WINDOWS\System32\WindowsPowerShell\v1.0\;C:\WINDOWS\system32\config\systemprofile\.dnx\bin;C:\Program Files\Microsoft DNX\Dnvm\;C:\Program Files\Microsoft SQL Server\130\Tools\Binn\;C:\Program Files (x86)\Microsoft SQL Server\100\Tools\Binn\;C:\Program Files\Microsoft SQL Server\100\Tools\Binn\;C:\Program Files\Microsoft SQL Server\100\DTS\Binn\;C:\Program Files (x86)\ATI Technologies\ATI.ACE\Core-Static;C:\WINDOWS\System32\OpenSSH\;C:\Program Files (x86)\Windows Kits\10\Windows Performance Toolkit\;D:\programs\git\Git\cmd;C:\Users\Alex\AppData\Roaming\local\bin;C:\Users\Alex\AppData\Local\Microsoft\WindowsApps;;D:\programs\Новая папка\PyCharm Community Edition 2018.3\bin;
USERNAME=Alex
OS=Windows_NT
PROCESSOR_IDENTIFIER=AMD64 Family 22 Model 48 Stepping 1, AuthenticAMD



---------------  S Y S T E M  ---------------

OS: Windows 10.0 , 64 bit Build 18362 (10.0.18362.329)

CPU:total 4 (initial active 4) (4 cores per cpu, 1 threads per core) family 22 model 48 stepping 1, cmov, cx8, fxsr, mmx, sse, sse2, sse3, ssse3, sse4.1, sse4.2, popcnt, avx, aes, clmul, mmxext, 3dnowpref, lzcnt, sse4a, tsc, tscinvbit, tscinv, bmi1

Memory: 4k page, physical 7302516k(854532k free), swap 11910516k(70368k free)

vm_info: OpenJDK 64-Bit Server VM (25.242-b01) for windows-amd64 JRE (1.8.0_242-release-1644-b01), built by "builder" with MS VC++ 10.0 (VS2010)

time: Tue Sep 08 15:46:10 2020
timezone: Романское время (лето)
elapsed time: 9 seconds (0d 0h 0m 9s)

