#
# There is insufficient memory for the Java Runtime Environment to continue.
# Native memory allocation (malloc) failed to allocate 197216 bytes for Chunk::new
# Possible reasons:
#   The system is out of physical RAM or swap space
#   The process is running with CompressedOops enabled, and the Java Heap may be blocking the growth of the native heap
# Possible solutions:
#   Reduce memory load on the system
#   Increase physical memory or swap space
#   Check if swap backing store is full
#   Decrease Java heap size (-Xmx/-Xms)
#   Decrease number of Java threads
#   Decrease Java thread stack sizes (-Xss)
#   Set larger code cache with -XX:ReservedCodeCacheSize=
#   JVM is running with Unscaled Compressed Oops mode in which the Java heap is
#     placed in the first 4GB address space. The Java Heap base address is the
#     maximum limit for the native heap growth. Please use -XX:HeapBaseMinAddress
#     to set the Java Heap base and to place the Java Heap above 4GB virtual address.
# This output file may be truncated or incomplete.
#
#  Out of Memory Error (allocation.cpp:389), pid=8808, tid=0x0000000000000730
#
# JRE version: OpenJDK Runtime Environment (8.0_242-b01) (build 1.8.0_242-release-1644-b01)
# Java VM: OpenJDK 64-Bit Server VM (25.242-b01 mixed mode windows-amd64 compressed oops)
# Failed to write core dump. Minidumps are not enabled by default on client versions of Windows
#

---------------  T H R E A D  ---------------

Current thread (0x0000000014b78000):  JavaThread "C2 CompilerThread0" daemon [_thread_in_native, id=1840, stack(0x00000000161d0000,0x00000000162d0000)]

Stack: [0x00000000161d0000,0x00000000162d0000]
[error occurred during error reporting (printing stack bounds), id 0xc0000005]

Native frames: (J=compiled Java code, j=interpreted, Vv=VM code, C=native code)


Current CompileTask:
C2:  26985 3255       4       sun.security.provider.SHA::implCompress0 (482 bytes)


---------------  P R O C E S S  ---------------

Java Threads: ( => current thread )
  0x0000000014bca000 JavaThread "Service Thread" daemon [_thread_blocked, id=6816, stack(0x00000000168d0000,0x00000000169d0000)]
  0x0000000014bc4800 JavaThread "C1 CompilerThread2" daemon [_thread_blocked, id=7240, stack(0x00000000163d0000,0x00000000164d0000)]
  0x0000000014b7b000 JavaThread "C2 CompilerThread1" daemon [_thread_blocked, id=6904, stack(0x00000000162d0000,0x00000000163d0000)]
=>0x0000000014b78000 JavaThread "C2 CompilerThread0" daemon [_thread_in_native, id=1840, stack(0x00000000161d0000,0x00000000162d0000)]
  0x0000000014b76800 JavaThread "Attach Listener" daemon [_thread_blocked, id=10108, stack(0x00000000160d0000,0x00000000161d0000)]
  0x0000000014b74800 JavaThread "Signal Dispatcher" daemon [_thread_blocked, id=3864, stack(0x0000000015fd0000,0x00000000160d0000)]
  0x0000000002495800 JavaThread "Finalizer" daemon [_thread_blocked, id=2248, stack(0x0000000015dd0000,0x0000000015ed0000)]
  0x0000000002491000 JavaThread "Reference Handler" daemon [_thread_blocked, id=11232, stack(0x0000000015cd0000,0x0000000015dd0000)]
  0x000000000239e000 JavaThread "main" [_thread_in_Java, id=9988, stack(0x00000000021c0000,0x00000000022c0000)]

Other Threads:
  0x0000000014b37000 VMThread [stack: 0x0000000015bd0000,0x0000000015cd0000] [id=10520]
  0x0000000014bcb000 WatcherThread [stack: 0x00000000169d0000,0x0000000016ad0000] [id=3212]

VM state:not at safepoint (normal execution)

VM Mutex/Monitor currently owned by a thread: None

heap address: 0x00000000c0000000, size: 1024 MB, Compressed Oops mode: 32-bit
Narrow klass base: 0x0000000000000000, Narrow klass shift: 3
Compressed class space size: 1073741824 Address: 0x0000000100000000

Heap:
 PSYoungGen      total 251392K, used 150424K [0x00000000eab00000, 0x00000000fc200000, 0x0000000100000000)
  eden space 226304K, 56% used [0x00000000eab00000,0x00000000f2892260,0x00000000f8800000)
  from space 25088K, 87% used [0x00000000fa380000,0x00000000fb8d40c8,0x00000000fbc00000)
  to   space 28160K, 0% used [0x00000000f8800000,0x00000000f8800000,0x00000000fa380000)
 ParOldGen       total 76800K, used 37834K [0x00000000c0000000, 0x00000000c4b00000, 0x00000000eab00000)
  object space 76800K, 49% used [0x00000000c0000000,0x00000000c24f2968,0x00000000c4b00000)
 Metaspace       used 7423K, capacity 7736K, committed 7936K, reserved 1056768K
  class space    used 658K, capacity 688K, committed 768K, reserved 1048576K

Card table byte_map: [0x0000000011860000,0x0000000011a70000] byte_map_base: 0x0000000011260000

Marking Bits: (ParMarkBitMap*) 0x00000000677ff030
 Begin Bits: [0x0000000011fd0000, 0x0000000012fd0000)
 End Bits:   [0x0000000012fd0000, 0x0000000013fd0000)

Polling page: 0x00000000009d0000

CodeCache: size=245760Kb used=11084Kb max_used=11096Kb free=234675Kb
 bounds [0x00000000024a0000, 0x0000000002f90000, 0x00000000114a0000]
 total_blobs=2829 nmethods=2547 adapters=196
 compilation: enabled

Compilation events (10 events):
Event: 26.901 Thread 0x0000000014bc4800 3251       3       sun.security.provider.ByteArrayAccess::b2iBig64 (614 bytes)
Event: 26.903 Thread 0x0000000014bc4800 nmethod 3251 0x0000000002f7b610 code [0x0000000002f7b820, 0x0000000002f7c5e8]
Event: 26.934 Thread 0x0000000014b7b000 3252       4       sun.security.provider.SHA::implCompress (13 bytes)
Event: 26.936 Thread 0x0000000014b7b000 nmethod 3252 0x0000000002f77e50 code [0x0000000002f77fa0, 0x0000000002f78078]
Event: 26.937 Thread 0x0000000014b7b000 3253       4       sun.security.provider.ByteArrayAccess::b2iBig64 (614 bytes)
Event: 26.942 Thread 0x0000000014b7b000 nmethod 3253 0x0000000002f77950 code [0x0000000002f77aa0, 0x0000000002f77cf8]
Event: 26.948 Thread 0x0000000014b78000 nmethod 3250% 0x0000000002f81210 code [0x0000000002f81360, 0x0000000002f81e38]
Event: 26.948 Thread 0x0000000014b7b000 3254 %     4       sun.security.provider.SHA::implCompress0 @ 355 (482 bytes)
Event: 26.959 Thread 0x0000000014b7b000 nmethod 3254% 0x0000000002f77210 code [0x0000000002f77360, 0x0000000002f77738]
Event: 26.971 Thread 0x0000000014b78000 3255       4       sun.security.provider.SHA::implCompress0 (482 bytes)

GC Heap History (10 events):
Event: 2.868 GC heap before
{Heap before GC invocations=2 (full 0):
 PSYoungGen      total 33280K, used 33094K [0x00000000eab00000, 0x00000000eec00000, 0x0000000100000000)
  eden space 28672K, 100% used [0x00000000eab00000,0x00000000ec700000,0x00000000ec700000)
  from space 4608K, 95% used [0x00000000ec700000,0x00000000ecb51a38,0x00000000ecb80000)
  to   space 4608K, 0% used [0x00000000ee780000,0x00000000ee780000,0x00000000eec00000)
 ParOldGen       total 76800K, used 8K [0x00000000c0000000, 0x00000000c4b00000, 0x00000000eab00000)
  object space 76800K, 0% used [0x00000000c0000000,0x00000000c0002000,0x00000000c4b00000)
 Metaspace       used 6234K, capacity 7024K, committed 7296K, reserved 1056768K
  class space    used 587K, capacity 616K, committed 640K, reserved 1048576K
Event: 2.895 GC heap after
Heap after GC invocations=2 (full 0):
 PSYoungGen      total 61952K, used 4578K [0x00000000eab00000, 0x00000000eec00000, 0x0000000100000000)
  eden space 57344K, 0% used [0x00000000eab00000,0x00000000eab00000,0x00000000ee300000)
  from space 4608K, 99% used [0x00000000ee780000,0x00000000eebf8bd8,0x00000000eec00000)
  to   space 4608K, 0% used [0x00000000ee300000,0x00000000ee300000,0x00000000ee780000)
 ParOldGen       total 76800K, used 2704K [0x00000000c0000000, 0x00000000c4b00000, 0x00000000eab00000)
  object space 76800K, 3% used [0x00000000c0000000,0x00000000c02a4048,0x00000000c4b00000)
 Metaspace       used 6234K, capacity 7024K, committed 7296K, reserved 1056768K
  class space    used 587K, capacity 616K, committed 640K, reserved 1048576K
}
Event: 4.125 GC heap before
{Heap before GC invocations=3 (full 0):
 PSYoungGen      total 61952K, used 61922K [0x00000000eab00000, 0x00000000eec00000, 0x0000000100000000)
  eden space 57344K, 100% used [0x00000000eab00000,0x00000000ee300000,0x00000000ee300000)
  from space 4608K, 99% used [0x00000000ee780000,0x00000000eebf8bd8,0x00000000eec00000)
  to   space 4608K, 0% used [0x00000000ee300000,0x00000000ee300000,0x00000000ee780000)
 ParOldGen       total 76800K, used 2704K [0x00000000c0000000, 0x00000000c4b00000, 0x00000000eab00000)
  object space 76800K, 3% used [0x00000000c0000000,0x00000000c02a4048,0x00000000c4b00000)
 Metaspace       used 6339K, capacity 7088K, committed 7296K, reserved 1056768K
  class space    used 588K, capacity 616K, committed 640K, reserved 1048576K
Event: 4.153 GC heap after
Heap after GC invocations=3 (full 0):
 PSYoungGen      total 61952K, used 4588K [0x00000000eab00000, 0x00000000f2400000, 0x0000000100000000)
  eden space 57344K, 0% used [0x00000000eab00000,0x00000000eab00000,0x00000000ee300000)
  from space 4608K, 99% used [0x00000000ee300000,0x00000000ee77b158,0x00000000ee780000)
  to   space 4608K, 0% used [0x00000000f1f80000,0x00000000f1f80000,0x00000000f2400000)
 ParOldGen       total 76800K, used 10549K [0x00000000c0000000, 0x00000000c4b00000, 0x00000000eab00000)
  object space 76800K, 13% used [0x00000000c0000000,0x00000000c0a4d408,0x00000000c4b00000)
 Metaspace       used 6339K, capacity 7088K, committed 7296K, reserved 1056768K
  class space    used 588K, capacity 616K, committed 640K, reserved 1048576K
}
Event: 5.299 GC heap before
{Heap before GC invocations=4 (full 0):
 PSYoungGen      total 61952K, used 61932K [0x00000000eab00000, 0x00000000f2400000, 0x0000000100000000)
  eden space 57344K, 100% used [0x00000000eab00000,0x00000000ee300000,0x00000000ee300000)
  from space 4608K, 99% used [0x00000000ee300000,0x00000000ee77b158,0x00000000ee780000)
  to   space 4608K, 0% used [0x00000000f1f80000,0x00000000f1f80000,0x00000000f2400000)
 ParOldGen       total 76800K, used 10549K [0x00000000c0000000, 0x00000000c4b00000, 0x00000000eab00000)
  object space 76800K, 13% used [0x00000000c0000000,0x00000000c0a4d408,0x00000000c4b00000)
 Metaspace       used 6390K, capacity 7152K, committed 7296K, reserved 1056768K
  class space    used 588K, capacity 616K, committed 640K, reserved 1048576K
Event: 5.347 GC heap after
Heap after GC invocations=4 (full 0):
 PSYoungGen      total 119296K, used 4590K [0x00000000eab00000, 0x00000000f2400000, 0x0000000100000000)
  eden space 114688K, 0% used [0x00000000eab00000,0x00000000eab00000,0x00000000f1b00000)
  from space 4608K, 99% used [0x00000000f1f80000,0x00000000f23fb8d8,0x00000000f2400000)
  to   space 4608K, 0% used [0x00000000f1b00000,0x00000000f1b00000,0x00000000f1f80000)
 ParOldGen       total 76800K, used 18844K [0x00000000c0000000, 0x00000000c4b00000, 0x00000000eab00000)
  object space 76800K, 24% used [0x00000000c0000000,0x00000000c1267238,0x00000000c4b00000)
 Metaspace       used 6390K, capacity 7152K, committed 7296K, reserved 1056768K
  class space    used 588K, capacity 616K, committed 640K, reserved 1048576K
}
Event: 11.575 GC heap before
{Heap before GC invocations=5 (full 0):
 PSYoungGen      total 119296K, used 119278K [0x00000000eab00000, 0x00000000f2400000, 0x0000000100000000)
  eden space 114688K, 100% used [0x00000000eab00000,0x00000000f1b00000,0x00000000f1b00000)
  from space 4608K, 99% used [0x00000000f1f80000,0x00000000f23fb8d8,0x00000000f2400000)
  to   space 4608K, 0% used [0x00000000f1b00000,0x00000000f1b00000,0x00000000f1f80000)
 ParOldGen       total 76800K, used 18844K [0x00000000c0000000, 0x00000000c4b00000, 0x00000000eab00000)
  object space 76800K, 24% used [0x00000000c0000000,0x00000000c1267238,0x00000000c4b00000)
 Metaspace       used 6507K, capacity 7216K, committed 7296K, reserved 1056768K
  class space    used 589K, capacity 616K, committed 640K, reserved 1048576K
Event: 12.038 GC heap after
Heap after GC invocations=5 (full 0):
 PSYoungGen      total 119296K, used 4607K [0x00000000eab00000, 0x00000000fbc00000, 0x0000000100000000)
  eden space 114688K, 0% used [0x00000000eab00000,0x00000000eab00000,0x00000000f1b00000)
  from space 4608K, 99% used [0x00000000f1b00000,0x00000000f1f7fc60,0x00000000f1f80000)
  to   space 25088K, 0% used [0x00000000fa380000,0x00000000fa380000,0x00000000fbc00000)
 ParOldGen       total 76800K, used 37826K [0x00000000c0000000, 0x00000000c4b00000, 0x00000000eab00000)
  object space 76800K, 49% used [0x00000000c0000000,0x00000000c24f0968,0x00000000c4b00000)
 Metaspace       used 6507K, capacity 7216K, committed 7296K, reserved 1056768K
  class space    used 589K, capacity 616K, committed 640K, reserved 1048576K
}
Event: 18.675 GC heap before
{Heap before GC invocations=6 (full 0):
 PSYoungGen      total 119296K, used 119295K [0x00000000eab00000, 0x00000000fbc00000, 0x0000000100000000)
  eden space 114688K, 100% used [0x00000000eab00000,0x00000000f1b00000,0x00000000f1b00000)
  from space 4608K, 99% used [0x00000000f1b00000,0x00000000f1f7fc60,0x00000000f1f80000)
  to   space 25088K, 0% used [0x00000000fa380000,0x00000000fa380000,0x00000000fbc00000)
 ParOldGen       total 76800K, used 37826K [0x00000000c0000000, 0x00000000c4b00000, 0x00000000eab00000)
  object space 76800K, 49% used [0x00000000c0000000,0x00000000c24f0968,0x00000000c4b00000)
 Metaspace       used 6636K, capacity 7256K, committed 7424K, reserved 1056768K
  class space    used 609K, capacity 656K, committed 768K, reserved 1048576K
Event: 19.023 GC heap after
Heap after GC invocations=6 (full 0):
 PSYoungGen      total 251392K, used 21840K [0x00000000eab00000, 0x00000000fc200000, 0x0000000100000000)
  eden space 226304K, 0% used [0x00000000eab00000,0x00000000eab00000,0x00000000f8800000)
  from space 25088K, 87% used [0x00000000fa380000,0x00000000fb8d40c8,0x00000000fbc00000)
  to   space 28160K, 0% used [0x00000000f8800000,0x00000000f8800000,0x00000000fa380000)
 ParOldGen       total 76800K, used 37834K [0x00000000c0000000, 0x00000000c4b00000, 0x00000000eab00000)
  object space 76800K, 49% used [0x00000000c0000000,0x00000000c24f2968,0x00000000c4b00000)
 Metaspace       used 6636K, capacity 7256K, committed 7424K, reserved 1056768K
  class space    used 609K, capacity 656K, committed 768K, reserved 1048576K
}

Deoptimization events (10 events):
Event: 25.366 Thread 0x000000000239e000 Uncommon trap: reason=unstable_if action=reinterpret pc=0x0000000002d68eb8 method=com.android.dx.dex.code.OutputFinisher.align64bits([Lcom/android/dx/dex/code/Dop;)V @ 205
Event: 25.824 Thread 0x000000000239e000 Uncommon trap: reason=unstable_if action=reinterpret pc=0x000000000284dcec method=java.util.ArrayList.<init>(I)V @ 5
Event: 26.101 Thread 0x000000000239e000 Uncommon trap: reason=unstable_if action=reinterpret pc=0x00000000028dd33c method=java.lang.Long.numberOfTrailingZeros(J)I @ 3
Event: 26.213 Thread 0x000000000239e000 Uncommon trap: reason=unstable_if action=reinterpret pc=0x0000000002d18ec4 method=com.android.dx.util.ByteArrayAnnotatedOutput.writeByte(I)V @ 13
Event: 26.733 Thread 0x000000000239e000 Uncommon trap: reason=unstable_if action=reinterpret pc=0x0000000002a7ad78 method=com.android.dx.util.ByteArrayAnnotatedOutput.writeByte(I)V @ 13
Event: 26.863 Thread 0x000000000239e000 Uncommon trap: reason=unstable_if action=reinterpret pc=0x0000000002749cec method=java.lang.String.indexOf([CII[CIII)I @ 3
Event: 26.863 Thread 0x000000000239e000 Uncommon trap: reason=unstable_if action=reinterpret pc=0x00000000027d25b4 method=java.util.Arrays.copyOf([Ljava/lang/Object;ILjava/lang/Class;)[Ljava/lang/Object; @ 3
Event: 26.867 Thread 0x000000000239e000 Uncommon trap: reason=class_check action=maybe_recompile pc=0x00000000026d9b98 method=java.util.HashMap.putVal(ILjava/lang/Object;Ljava/lang/Object;ZZ)Ljava/lang/Object; @ 56
Event: 26.867 Thread 0x000000000239e000 Uncommon trap: reason=class_check action=maybe_recompile pc=0x00000000026d9c28 method=java.util.HashMap.putVal(ILjava/lang/Object;Ljava/lang/Object;ZZ)Ljava/lang/Object; @ 152
Event: 26.868 Thread 0x000000000239e000 Uncommon trap: reason=class_check action=maybe_recompile pc=0x00000000026d9b98 method=java.util.HashMap.putVal(ILjava/lang/Object;Ljava/lang/Object;ZZ)Ljava/lang/Object; @ 56

Classes redefined (0 events):
No events

Internal exceptions (8 events):
Event: 0.125 Thread 0x000000000239e000 Exception <a 'java/lang/NoSuchMethodError': Method sun.misc.Unsafe.defineClass(Ljava/lang/String;[BII)Ljava/lang/Class; name or signature does not match> (0x00000000eab07cc8) thrown at [C:\src\AOSP-openjdk-git\hotspot\src\share\vm\prims\jni.cpp, line 4013
Event: 0.125 Thread 0x000000000239e000 Exception <a 'java/lang/NoSuchMethodError': Method sun.misc.Unsafe.prefetchRead(Ljava/lang/Object;J)V name or signature does not match> (0x00000000eab07fb0) thrown at [C:\src\AOSP-openjdk-git\hotspot\src\share\vm\prims\jni.cpp, line 4013]
Event: 1.915 Thread 0x000000001678a800 Implicit null exception at 0x00000000027e77a2 to 0x00000000027e78a1
Event: 7.516 Thread 0x0000000016795800 Implicit null exception at 0x0000000002b4b46a to 0x0000000002b4cbd9
Event: 13.866 Thread 0x0000000016796800 Exception <a 'java/lang/ArrayIndexOutOfBoundsException': 18> (0x00000000ebb9a520) thrown at [C:\src\AOSP-openjdk-git\hotspot\src\share\vm\interpreter\interpreterRuntime.cpp, line 368]
Event: 13.867 Thread 0x0000000016796800 Exception <a 'java/lang/ArrayIndexOutOfBoundsException'> (0x00000000ebb9c0a0) thrown at [C:\src\AOSP-openjdk-git\hotspot\src\share\vm\runtime\sharedRuntime.cpp, line 605]
Event: 13.870 Thread 0x0000000016796800 Exception <a 'java/lang/ArrayIndexOutOfBoundsException'> (0x00000000ebb9d388) thrown at [C:\src\AOSP-openjdk-git\hotspot\src\share\vm\runtime\sharedRuntime.cpp, line 605]
Event: 20.192 Thread 0x0000000016796800 Implicit null exception at 0x0000000002e388cc to 0x0000000002e3f0dd

Events (10 events):
Event: 26.975 Thread 0x000000000239e000 DEOPT PACKING pc=0x0000000002f79b26 sp=0x00000000022beb50
Event: 26.976 Thread 0x000000000239e000 DEOPT UNPACKING pc=0x00000000024e71d0 sp=0x00000000022be850 mode 0
Event: 26.976 Thread 0x000000000239e000 DEOPT PACKING pc=0x0000000002f79b26 sp=0x00000000022beb50
Event: 26.976 Thread 0x000000000239e000 DEOPT UNPACKING pc=0x00000000024e71d0 sp=0x00000000022be850 mode 0
Event: 26.976 Thread 0x000000000239e000 DEOPT PACKING pc=0x0000000002f79c19 sp=0x00000000022beb50
Event: 26.976 Thread 0x000000000239e000 DEOPT UNPACKING pc=0x00000000024e71d0 sp=0x00000000022be850 mode 0
Event: 26.980 Thread 0x000000000239e000 DEOPT PACKING pc=0x0000000002f79b26 sp=0x00000000022beb50
Event: 26.980 Thread 0x000000000239e000 DEOPT UNPACKING pc=0x00000000024e71d0 sp=0x00000000022be850 mode 0
Event: 26.981 Thread 0x000000000239e000 DEOPT PACKING pc=0x0000000002f79b26 sp=0x00000000022beb50
Event: 26.981 Thread 0x000000000239e000 DEOPT UNPACKING pc=0x00000000024e71d0 sp=0x00000000022be850 mode 0


Dynamic libraries:
0x00007ff6c9150000 - 0x00007ff6c9181000 	D:\programs\as\jre\bin\java.exe
0x00007ffcd6f20000 - 0x00007ffcd7110000 	C:\WINDOWS\SYSTEM32\ntdll.dll
0x00007ffcd6d00000 - 0x00007ffcd6db2000 	C:\WINDOWS\System32\KERNEL32.DLL
0x00007ffcd4b50000 - 0x00007ffcd4df3000 	C:\WINDOWS\System32\KERNELBASE.dll
0x00007ffcd6ba0000 - 0x00007ffcd6c43000 	C:\WINDOWS\System32\ADVAPI32.dll
0x00007ffcd6730000 - 0x00007ffcd67ce000 	C:\WINDOWS\System32\msvcrt.dll
0x00007ffcd6120000 - 0x00007ffcd61b7000 	C:\WINDOWS\System32\sechost.dll
0x00007ffcd6a80000 - 0x00007ffcd6ba0000 	C:\WINDOWS\System32\RPCRT4.dll
0x00007ffcd5100000 - 0x00007ffcd5294000 	C:\WINDOWS\System32\USER32.dll
0x00007ffcd3eb0000 - 0x00007ffcd3ed1000 	C:\WINDOWS\System32\win32u.dll
0x00007ffcd6e30000 - 0x00007ffcd6e56000 	C:\WINDOWS\System32\GDI32.dll
0x00007ffcd3ee0000 - 0x00007ffcd4074000 	C:\WINDOWS\System32\gdi32full.dll
0x00007ffcd4ab0000 - 0x00007ffcd4b4e000 	C:\WINDOWS\System32\msvcp_win.dll
0x00007ffcd4e30000 - 0x00007ffcd4f2a000 	C:\WINDOWS\System32\ucrtbase.dll
0x00007ffcc2ed0000 - 0x00007ffcc3155000 	C:\WINDOWS\WinSxS\amd64_microsoft.windows.common-controls_6595b64144ccf1df_6.0.18362.476_none_e6c4b11b130f2595\COMCTL32.dll
0x00007ffcd61c0000 - 0x00007ffcd64f6000 	C:\WINDOWS\System32\combase.dll
0x00007ffcd4f50000 - 0x00007ffcd4fd0000 	C:\WINDOWS\System32\bcryptPrimitives.dll
0x00007ffcd5770000 - 0x00007ffcd579e000 	C:\WINDOWS\System32\IMM32.DLL
0x0000000069390000 - 0x0000000069462000 	D:\programs\as\jre\jre\bin\msvcr100.dll
0x0000000067030000 - 0x000000006787b000 	D:\programs\as\jre\jre\bin\server\jvm.dll
0x00007ffcd6910000 - 0x00007ffcd6918000 	C:\WINDOWS\System32\PSAPI.DLL
0x00007ffcc5ca0000 - 0x00007ffcc5ca9000 	C:\WINDOWS\SYSTEM32\WSOCK32.dll
0x00007ffcd6dc0000 - 0x00007ffcd6e2f000 	C:\WINDOWS\System32\WS2_32.dll
0x00007ffcd12d0000 - 0x00007ffcd12f4000 	C:\WINDOWS\SYSTEM32\WINMM.dll
0x00007ffccd9e0000 - 0x00007ffccd9ea000 	C:\WINDOWS\SYSTEM32\VERSION.dll
0x00007ffcd12a0000 - 0x00007ffcd12cd000 	C:\WINDOWS\SYSTEM32\WINMMBASE.dll
0x00007ffcd4a60000 - 0x00007ffcd4aaa000 	C:\WINDOWS\System32\cfgmgr32.dll
0x00007ffcc5b00000 - 0x00007ffcc5b0f000 	D:\programs\as\jre\jre\bin\verify.dll
0x00007ffcbe710000 - 0x00007ffcbe739000 	D:\programs\as\jre\jre\bin\java.dll
0x00007ffcbe960000 - 0x00007ffcbe976000 	D:\programs\as\jre\jre\bin\zip.dll
0x00007ffcd5870000 - 0x00007ffcd5f55000 	C:\WINDOWS\System32\SHELL32.dll
0x00007ffcd6c50000 - 0x00007ffcd6cf9000 	C:\WINDOWS\System32\shcore.dll
0x00007ffcd42e0000 - 0x00007ffcd4a5e000 	C:\WINDOWS\System32\windows.storage.dll
0x00007ffcd3e20000 - 0x00007ffcd3e3f000 	C:\WINDOWS\System32\profapi.dll
0x00007ffcd3e40000 - 0x00007ffcd3e8a000 	C:\WINDOWS\System32\powrprof.dll
0x00007ffcd3df0000 - 0x00007ffcd3e00000 	C:\WINDOWS\System32\UMPDC.dll
0x00007ffcd5710000 - 0x00007ffcd5762000 	C:\WINDOWS\System32\shlwapi.dll
0x00007ffcd3e90000 - 0x00007ffcd3ea1000 	C:\WINDOWS\System32\kernel.appcore.dll
0x00007ffcd4f30000 - 0x00007ffcd4f47000 	C:\WINDOWS\System32\cryptsp.dll

VM Arguments:
jvm_args: -Djava.awt.headless=true -Xmx1024M -Dfile.encoding=windows-1251 -Duser.country=RU -Duser.language=ru -Duser.variant 
java_command: com.android.dx.command.Main --dex --num-threads=4 --output D:\bibliotek\AS\yamda-master\yamda-master\app\build\intermediates\pre-dexed\debug\com.android.support-support-v4-23.1.1_44cb47e6d9d65f45a70f4e33888a67512e388c94.jar D:\bibliotek\AS\yamda-master\yamda-master\app\build\intermediates\exploded-aar\com.android.support\support-v4\23.1.1\jars\classes.jar
java_class_path (initial): D:\programs\AS2\build-tools\23.0.2\lib\dx.jar
Launcher Type: SUN_STANDARD

Environment Variables:
PATH=D:\rad c++\bin;C:\Users\Public\Documents\Embarcadero\Studio\19.0\Bpl;D:\rad c++\bin64;C:\Users\Public\Documents\Embarcadero\Studio\19.0\Bpl\Win64;C:\Program Files (x86)\Embarcadero\Studio\19.0\bin;C:\Program Files (x86)\Embarcadero\Studio\19.0\bin64;C:\ProgramData\Oracle\Java\javapath;C:\WINDOWS\system32;C:\WINDOWS;C:\WINDOWS\System32\Wbem;C:\WINDOWS\System32\WindowsPowerShell\v1.0\;C:\WINDOWS\system32\config\systemprofile\.dnx\bin;C:\Program Files\Microsoft DNX\Dnvm\;C:\Program Files\Microsoft SQL Server\130\Tools\Binn\;C:\Program Files (x86)\Microsoft SQL Server\100\Tools\Binn\;C:\Program Files\Microsoft SQL Server\100\Tools\Binn\;C:\Program Files\Microsoft SQL Server\100\DTS\Binn\;C:\Program Files (x86)\ATI Technologies\ATI.ACE\Core-Static;C:\WINDOWS\System32\OpenSSH\;C:\Program Files (x86)\Windows Kits\10\Windows Performance Toolkit\;D:\programs\git\Git\cmd;C:\Users\Alex\AppData\Roaming\local\bin;C:\Users\Alex\AppData\Local\Microsoft\WindowsApps;;D:\programs\Новая папка\PyCharm Community Edition 2018.3\bin;
USERNAME=Alex
OS=Windows_NT
PROCESSOR_IDENTIFIER=AMD64 Family 22 Model 48 Stepping 1, AuthenticAMD



---------------  S Y S T E M  ---------------

OS: Windows 10.0 , 64 bit Build 18362 (10.0.18362.329)

CPU:total 4 (initial active 4) (4 cores per cpu, 1 threads per core) family 22 model 48 stepping 1, cmov, cx8, fxsr, mmx, sse, sse2, sse3, ssse3, sse4.1, sse4.2, popcnt, avx, aes, clmul, mmxext, 3dnowpref, lzcnt, sse4a, tsc, tscinvbit, tscinv, bmi1

Memory: 4k page, physical 7302516k(985284k free), swap 11910516k(5240k free)

vm_info: OpenJDK 64-Bit Server VM (25.242-b01) for windows-amd64 JRE (1.8.0_242-release-1644-b01), built by "builder" with MS VC++ 10.0 (VS2010)

time: Tue Sep 08 16:09:29 2020
timezone: Романское время (лето)
elapsed time: 26 seconds (0d 0h 0m 26s)

